
*** Running vivado
    with args -log fifo_test.vds -m64 -product Vivado -mode batch -messageDb vivado.pb -notrace -source fifo_test.tcl


****** Vivado v2019.1 (64-bit)
  **** SW Build 2552052 on Fri May 24 14:49:42 MDT 2019
  **** IP Build 2548770 on Fri May 24 18:01:18 MDT 2019
    ** Copyright 1986-2019 Xilinx, Inc. All Rights Reserved.

source fifo_test.tcl -notrace
create_project: Time (s): cpu = 00:00:01 ; elapsed = 00:00:05 . Memory (MB): peak = 354.867 ; gain = 72.641
Command: synth_design -top fifo_test -part xc7a35tcpg236-1
Starting synth_design
Attempting to get a license for feature 'Synthesis' and/or device 'xc7a35t'
INFO: [Common 17-349] Got license for feature 'Synthesis' and/or device 'xc7a35t'
INFO: [Device 21-403] Loading part xc7a35tcpg236-1
INFO: Launching helper process for spawning children vivado processes
INFO: Helper process launched with PID 38928 
---------------------------------------------------------------------------------
Starting RTL Elaboration : Time (s): cpu = 00:00:02 ; elapsed = 00:00:06 . Memory (MB): peak = 920.824 ; gain = 177.473
---------------------------------------------------------------------------------
INFO: [Synth 8-6157] synthesizing module 'fifo_test' [C:/Users/arya2/fifo/Fifo.srcs/sources_1/new/fifo_test.v:23]
INFO: [Synth 8-6157] synthesizing module 'debounce_explicit' [C:/Users/arya2/fifo/Fifo.srcs/sources_1/new/debounce_explicit.v:23]
	Parameter zero bound to: 2'b00 
	Parameter wait0 bound to: 2'b01 
	Parameter one bound to: 2'b10 
	Parameter wait1 bound to: 2'b11 
	Parameter N bound to: 22 - type: integer 
INFO: [Synth 8-6155] done synthesizing module 'debounce_explicit' (1#1) [C:/Users/arya2/fifo/Fifo.srcs/sources_1/new/debounce_explicit.v:23]
INFO: [Synth 8-6157] synthesizing module 'fifo' [C:/Users/arya2/fifo/Fifo.srcs/sources_1/new/fifo.v:1]
	Parameter DATA_SIZE bound to: 3 - type: integer 
	Parameter ADDR_SPACE_EXP bound to: 2 - type: integer 
INFO: [Synth 8-155] case statement is not full and has no default [C:/Users/arya2/fifo/Fifo.srcs/sources_1/new/fifo.v:65]
INFO: [Synth 8-6155] done synthesizing module 'fifo' (2#1) [C:/Users/arya2/fifo/Fifo.srcs/sources_1/new/fifo.v:1]
INFO: [Synth 8-6155] done synthesizing module 'fifo_test' (3#1) [C:/Users/arya2/fifo/Fifo.srcs/sources_1/new/fifo_test.v:23]
---------------------------------------------------------------------------------
Finished RTL Elaboration : Time (s): cpu = 00:00:03 ; elapsed = 00:00:08 . Memory (MB): peak = 984.855 ; gain = 241.504
---------------------------------------------------------------------------------

Report Check Netlist: 
+------+------------------+-------+---------+-------+------------------+
|      |Item              |Errors |Warnings |Status |Description       |
+------+------------------+-------+---------+-------+------------------+
|1     |multi_driven_nets |      0|        0|Passed |Multi driven nets |
+------+------------------+-------+---------+-------+------------------+
---------------------------------------------------------------------------------
Start Handling Custom Attributes
---------------------------------------------------------------------------------
---------------------------------------------------------------------------------
Finished Handling Custom Attributes : Time (s): cpu = 00:00:03 ; elapsed = 00:00:09 . Memory (MB): peak = 984.855 ; gain = 241.504
---------------------------------------------------------------------------------
---------------------------------------------------------------------------------
Finished RTL Optimization Phase 1 : Time (s): cpu = 00:00:03 ; elapsed = 00:00:09 . Memory (MB): peak = 984.855 ; gain = 241.504
---------------------------------------------------------------------------------
INFO: [Project 1-570] Preparing netlist for logic optimization

Processing XDC Constraints
Initializing timing engine
Parsing XDC File [C:/Users/arya2/fifo/Fifo.srcs/constrs_1/new/const.xdc]
Finished Parsing XDC File [C:/Users/arya2/fifo/Fifo.srcs/constrs_1/new/const.xdc]
INFO: [Project 1-236] Implementation specific constraints were found while reading constraint file [C:/Users/arya2/fifo/Fifo.srcs/constrs_1/new/const.xdc]. These constraints will be ignored for synthesis but will be used in implementation. Impacted constraints are listed in the file [.Xil/fifo_test_propImpl.xdc].
Resolution: To avoid this warning, move constraints listed in [.Xil/fifo_test_propImpl.xdc] to another XDC file and exclude this new file from synthesis with the used_in_synthesis property (File Properties dialog in GUI) and re-run elaboration/synthesis.
Completed Processing XDC Constraints

Netlist sorting complete. Time (s): cpu = 00:00:00 ; elapsed = 00:00:00.001 . Memory (MB): peak = 1093.785 ; gain = 0.000
INFO: [Project 1-111] Unisim Transformation Summary:
No Unisim elements were transformed.

Constraint Validation Runtime : Time (s): cpu = 00:00:00 ; elapsed = 00:00:00.016 . Memory (MB): peak = 1093.785 ; gain = 0.000
---------------------------------------------------------------------------------
Finished Constraint Validation : Time (s): cpu = 00:00:07 ; elapsed = 00:00:20 . Memory (MB): peak = 1093.785 ; gain = 350.434
---------------------------------------------------------------------------------
---------------------------------------------------------------------------------
Start Loading Part and Timing Information
---------------------------------------------------------------------------------
Loading part: xc7a35tcpg236-1
---------------------------------------------------------------------------------
Finished Loading Part and Timing Information : Time (s): cpu = 00:00:07 ; elapsed = 00:00:20 . Memory (MB): peak = 1093.785 ; gain = 350.434
---------------------------------------------------------------------------------
---------------------------------------------------------------------------------
Start Applying 'set_property' XDC Constraints
---------------------------------------------------------------------------------
---------------------------------------------------------------------------------
Finished applying 'set_property' XDC Constraints : Time (s): cpu = 00:00:07 ; elapsed = 00:00:20 . Memory (MB): peak = 1093.785 ; gain = 350.434
---------------------------------------------------------------------------------
INFO: [Synth 8-802] inferred FSM for state register 'state_reg_reg' in module 'debounce_explicit'
---------------------------------------------------------------------------------------------------
                   State |                     New Encoding |                Previous Encoding 
---------------------------------------------------------------------------------------------------
                    zero |                               00 |                               00
                   wait1 |                               01 |                               11
                     one |                               10 |                               10
---------------------------------------------------------------------------------------------------
INFO: [Synth 8-3354] encoded FSM with state register 'state_reg_reg' using encoding 'sequential' in module 'debounce_explicit'
WARNING: [Synth 8-327] inferring latch for variable 'db_level_reg' [C:/Users/arya2/fifo/Fifo.srcs/sources_1/new/debounce_explicit.v:77]
---------------------------------------------------------------------------------
Finished RTL Optimization Phase 2 : Time (s): cpu = 00:00:07 ; elapsed = 00:00:21 . Memory (MB): peak = 1093.785 ; gain = 350.434
---------------------------------------------------------------------------------

Report RTL Partitions: 
+-+--------------+------------+----------+
| |RTL Partition |Replication |Instances |
+-+--------------+------------+----------+
+-+--------------+------------+----------+
---------------------------------------------------------------------------------
Start RTL Component Statistics 
---------------------------------------------------------------------------------
Detailed RTL Component Info : 
+---Adders : 
	   2 Input     22 Bit       Adders := 2     
	   2 Input      2 Bit       Adders := 2     
+---Registers : 
	                1 Bit    Registers := 2     
+---RAMs : 
	               12 Bit         RAMs := 1     
+---Muxes : 
	   2 Input     22 Bit        Muxes := 2     
	   3 Input      2 Bit        Muxes := 2     
	   2 Input      2 Bit        Muxes := 6     
	   2 Input      1 Bit        Muxes := 4     
	   3 Input      1 Bit        Muxes := 12    
	   4 Input      1 Bit        Muxes := 6     
---------------------------------------------------------------------------------
Finished RTL Component Statistics 
---------------------------------------------------------------------------------
---------------------------------------------------------------------------------
Start RTL Hierarchical Component Statistics 
---------------------------------------------------------------------------------
Hierarchical RTL Component report 
Module debounce_explicit 
Detailed RTL Component Info : 
+---Adders : 
	   2 Input     22 Bit       Adders := 1     
+---Muxes : 
	   2 Input     22 Bit        Muxes := 1     
	   3 Input      2 Bit        Muxes := 1     
	   2 Input      2 Bit        Muxes := 3     
	   2 Input      1 Bit        Muxes := 2     
	   3 Input      1 Bit        Muxes := 6     
Module fifo 
Detailed RTL Component Info : 
+---Adders : 
	   2 Input      2 Bit       Adders := 2     
+---Registers : 
	                1 Bit    Registers := 2     
+---RAMs : 
	               12 Bit         RAMs := 1     
+---Muxes : 
	   4 Input      1 Bit        Muxes := 6     
---------------------------------------------------------------------------------
Finished RTL Hierarchical Component Statistics
---------------------------------------------------------------------------------
---------------------------------------------------------------------------------
Start Part Resource Summary
---------------------------------------------------------------------------------
Part Resources:
DSPs: 90 (col length:60)
BRAMs: 100 (col length: RAMB18 60 RAMB36 30)
---------------------------------------------------------------------------------
Finished Part Resource Summary
---------------------------------------------------------------------------------
---------------------------------------------------------------------------------
Start Cross Boundary and Area Optimization
---------------------------------------------------------------------------------
Warning: Parallel synthesis criteria is not met 
WARNING: [Synth 8-3332] Sequential element (debounce_unit1/db_level_reg) is unused and will be removed from module fifo_test.
WARNING: [Synth 8-3332] Sequential element (debounce_unit2/db_level_reg) is unused and will be removed from module fifo_test.
---------------------------------------------------------------------------------
Finished Cross Boundary and Area Optimization : Time (s): cpu = 00:00:08 ; elapsed = 00:00:23 . Memory (MB): peak = 1093.785 ; gain = 350.434
---------------------------------------------------------------------------------
---------------------------------------------------------------------------------
Start ROM, RAM, DSP and Shift Register Reporting
---------------------------------------------------------------------------------

Distributed RAM: Preliminary Mapping  Report (see note below)
+------------+----------------------+-----------+----------------------+--------------+
|Module Name | RTL Object           | Inference | Size (Depth x Width) | Primitives   | 
+------------+----------------------+-----------+----------------------+--------------+
|fifo_test   | fifo_unit/memory_reg | Implied   | 4 x 3                | RAM32M x 1   | 
+------------+----------------------+-----------+----------------------+--------------+

Note: The table above is a preliminary report that shows the Distributed RAMs at the current stage of the synthesis flow. Some Distributed RAMs may be reimplemented as non Distributed RAM primitives later in the synthesis flow. Multiple instantiated RAMs are reported only once.
---------------------------------------------------------------------------------
Finished ROM, RAM, DSP and Shift Register Reporting
---------------------------------------------------------------------------------

Report RTL Partitions: 
+-+--------------+------------+----------+
| |RTL Partition |Replication |Instances |
+-+--------------+------------+----------+
+-+--------------+------------+----------+
---------------------------------------------------------------------------------
Start Applying XDC Timing Constraints
---------------------------------------------------------------------------------
---------------------------------------------------------------------------------
Finished Applying XDC Timing Constraints : Time (s): cpu = 00:00:13 ; elapsed = 00:00:35 . Memory (MB): peak = 1093.785 ; gain = 350.434
---------------------------------------------------------------------------------
---------------------------------------------------------------------------------
Start Timing Optimization
---------------------------------------------------------------------------------
---------------------------------------------------------------------------------
Finished Timing Optimization : Time (s): cpu = 00:00:13 ; elapsed = 00:00:36 . Memory (MB): peak = 1101.289 ; gain = 357.938
---------------------------------------------------------------------------------
---------------------------------------------------------------------------------
Start ROM, RAM, DSP and Shift Register Reporting
---------------------------------------------------------------------------------

Distributed RAM: Final Mapping  Report
+------------+----------------------+-----------+----------------------+--------------+
|Module Name | RTL Object           | Inference | Size (Depth x Width) | Primitives   | 
+------------+----------------------+-----------+----------------------+--------------+
|fifo_test   | fifo_unit/memory_reg | Implied   | 4 x 3                | RAM32M x 1   | 
+------------+----------------------+-----------+----------------------+--------------+

---------------------------------------------------------------------------------
Finished ROM, RAM, DSP and Shift Register Reporting
---------------------------------------------------------------------------------

Report RTL Partitions: 
+-+--------------+------------+----------+
| |RTL Partition |Replication |Instances |
+-+--------------+------------+----------+
+-+--------------+------------+----------+
---------------------------------------------------------------------------------
Start Technology Mapping
---------------------------------------------------------------------------------
---------------------------------------------------------------------------------
Finished Technology Mapping : Time (s): cpu = 00:00:13 ; elapsed = 00:00:36 . Memory (MB): peak = 1101.289 ; gain = 357.938
---------------------------------------------------------------------------------

Report RTL Partitions: 
+-+--------------+------------+----------+
| |RTL Partition |Replication |Instances |
+-+--------------+------------+----------+
+-+--------------+------------+----------+
---------------------------------------------------------------------------------
Start IO Insertion
---------------------------------------------------------------------------------
---------------------------------------------------------------------------------
Start Flattening Before IO Insertion
---------------------------------------------------------------------------------
---------------------------------------------------------------------------------
Finished Flattening Before IO Insertion
---------------------------------------------------------------------------------
---------------------------------------------------------------------------------
Start Final Netlist Cleanup
---------------------------------------------------------------------------------
---------------------------------------------------------------------------------
Finished Final Netlist Cleanup
---------------------------------------------------------------------------------
---------------------------------------------------------------------------------
Finished IO Insertion : Time (s): cpu = 00:00:15 ; elapsed = 00:00:39 . Memory (MB): peak = 1108.840 ; gain = 365.488
---------------------------------------------------------------------------------

Report Check Netlist: 
+------+------------------+-------+---------+-------+------------------+
|      |Item              |Errors |Warnings |Status |Description       |
+------+------------------+-------+---------+-------+------------------+
|1     |multi_driven_nets |      0|        0|Passed |Multi driven nets |
+------+------------------+-------+---------+-------+------------------+
---------------------------------------------------------------------------------
Start Renaming Generated Instances
---------------------------------------------------------------------------------
---------------------------------------------------------------------------------
Finished Renaming Generated Instances : Time (s): cpu = 00:00:15 ; elapsed = 00:00:39 . Memory (MB): peak = 1108.840 ; gain = 365.488
---------------------------------------------------------------------------------

Report RTL Partitions: 
+-+--------------+------------+----------+
| |RTL Partition |Replication |Instances |
+-+--------------+------------+----------+
+-+--------------+------------+----------+
---------------------------------------------------------------------------------
Start Rebuilding User Hierarchy
---------------------------------------------------------------------------------
---------------------------------------------------------------------------------
Finished Rebuilding User Hierarchy : Time (s): cpu = 00:00:15 ; elapsed = 00:00:39 . Memory (MB): peak = 1108.840 ; gain = 365.488
---------------------------------------------------------------------------------
---------------------------------------------------------------------------------
Start Renaming Generated Ports
---------------------------------------------------------------------------------
---------------------------------------------------------------------------------
Finished Renaming Generated Ports : Time (s): cpu = 00:00:15 ; elapsed = 00:00:39 . Memory (MB): peak = 1108.840 ; gain = 365.488
---------------------------------------------------------------------------------
---------------------------------------------------------------------------------
Start Handling Custom Attributes
---------------------------------------------------------------------------------
---------------------------------------------------------------------------------
Finished Handling Custom Attributes : Time (s): cpu = 00:00:15 ; elapsed = 00:00:39 . Memory (MB): peak = 1108.840 ; gain = 365.488
---------------------------------------------------------------------------------
---------------------------------------------------------------------------------
Start Renaming Generated Nets
---------------------------------------------------------------------------------
---------------------------------------------------------------------------------
Finished Renaming Generated Nets : Time (s): cpu = 00:00:15 ; elapsed = 00:00:39 . Memory (MB): peak = 1108.840 ; gain = 365.488
---------------------------------------------------------------------------------
---------------------------------------------------------------------------------
Start Writing Synthesis Report
---------------------------------------------------------------------------------

Report BlackBoxes: 
+-+--------------+----------+
| |BlackBox name |Instances |
+-+--------------+----------+
+-+--------------+----------+

Report Cell Usage: 
+------+-------+------+
|      |Cell   |Count |
+------+-------+------+
|1     |BUFG   |     1|
|2     |CARRY4 |    24|
|3     |LUT1   |    42|
|4     |LUT2   |     3|
|5     |LUT3   |    44|
|6     |LUT4   |    58|
|7     |LUT5   |     4|
|8     |LUT6   |     8|
|9     |RAM32M |     1|
|10    |FDCE   |    53|
|11    |FDPE   |     1|
|12    |IBUF   |     7|
|13    |OBUF   |     5|
+------+-------+------+

Report Instance Areas: 
+------+-----------------+--------------------+------+
|      |Instance         |Module              |Cells |
+------+-----------------+--------------------+------+
|1     |top              |                    |   251|
|2     |  debounce_unit1 |debounce_explicit   |   112|
|3     |  debounce_unit2 |debounce_explicit_0 |   111|
|4     |  fifo_unit      |fifo                |    15|
+------+-----------------+--------------------+------+
---------------------------------------------------------------------------------
Finished Writing Synthesis Report : Time (s): cpu = 00:00:15 ; elapsed = 00:00:39 . Memory (MB): peak = 1108.840 ; gain = 365.488
---------------------------------------------------------------------------------
Synthesis finished with 0 errors, 0 critical warnings and 3 warnings.
Synthesis Optimization Runtime : Time (s): cpu = 00:00:10 ; elapsed = 00:00:34 . Memory (MB): peak = 1108.840 ; gain = 256.559
Synthesis Optimization Complete : Time (s): cpu = 00:00:15 ; elapsed = 00:00:39 . Memory (MB): peak = 1108.840 ; gain = 365.488
INFO: [Project 1-571] Translating synthesized netlist
INFO: [Netlist 29-17] Analyzing 25 Unisim elements for replacement
INFO: [Netlist 29-28] Unisim Transformation completed in 0 CPU seconds
INFO: [Project 1-570] Preparing netlist for logic optimization
INFO: [Opt 31-138] Pushed 0 inverter(s) to 0 load pin(s).
Netlist sorting complete. Time (s): cpu = 00:00:00 ; elapsed = 00:00:00 . Memory (MB): peak = 1122.434 ; gain = 0.000
INFO: [Project 1-111] Unisim Transformation Summary:
  A total of 1 instances were transformed.
  RAM32M => RAM32M (RAMD32, RAMD32, RAMD32, RAMD32, RAMD32, RAMD32, RAMS32, RAMS32): 1 instances

INFO: [Common 17-83] Releasing license: Synthesis
21 Infos, 3 Warnings, 0 Critical Warnings and 0 Errors encountered.
synth_design completed successfully
synth_design: Time (s): cpu = 00:00:18 ; elapsed = 00:00:51 . Memory (MB): peak = 1122.434 ; gain = 630.055
Netlist sorting complete. Time (s): cpu = 00:00:00 ; elapsed = 00:00:00 . Memory (MB): peak = 1122.434 ; gain = 0.000
WARNING: [Constraints 18-5210] No constraints selected for write.
Resolution: This message can indicate that there are no constraints for the design, or it can indicate that the used_in flags are set such that the constraints are ignored. This later case is used when running synth_design to not write synthesis constraints to the resulting checkpoint. Instead, project constraints are read when the synthesized design is opened.
INFO: [Common 17-1381] The checkpoint 'C:/Users/arya2/fifo/Fifo.runs/synth_1/fifo_test.dcp' has been generated.
INFO: [runtcl-4] Executing : report_utilization -file fifo_test_utilization_synth.rpt -pb fifo_test_utilization_synth.pb
INFO: [Common 17-206] Exiting Vivado at Sun Sep 15 22:31:45 2024...
